11:05:47 PM [32m[INFO]: Producer connected successfully[39m 
11:12:59 PM [32m[INFO]: Producer connected successfully[39m 
11:12:59 PM [32m[INFO]: Message published successfully[39m 
11:12:59 PM [33m[WARN]: Producer disconnected successfully[39m 
11:14:52 PM [32m[INFO]: Producer connected successfully[39m 
11:14:52 PM [32m[INFO]: Message published successfully[39m 
11:14:52 PM [33m[WARN]: Producer disconnected successfully[39m 
11:15:01 PM [32m[INFO]: Producer connected successfully[39m 
11:15:01 PM [32m[INFO]: Message published successfully[39m 
11:15:01 PM [33m[WARN]: Producer disconnected successfully[39m 
11:19:18 PM [32m[INFO]: Producer connected successfully[39m 
11:19:18 PM [32m[INFO]: Message published successfully[39m 
11:19:18 PM [33m[WARN]: Producer disconnected successfully[39m 
11:31:15 PM [32m[INFO]: Producer connected successfully[39m 
11:31:15 PM [32m[INFO]: Message published successfully[39m 
11:31:15 PM [33m[WARN]: Producer disconnected successfully[39m 
11:31:22 PM [32m[INFO]: Producer connected successfully[39m 
11:31:22 PM [32m[INFO]: Message published successfully[39m 
11:31:22 PM [33m[WARN]: Producer disconnected successfully[39m 
11:33:22 PM [32m[INFO]: Producer connected successfully[39m 
11:35:04 PM [32m[INFO]: Producer connected successfully[39m 
11:35:13 PM [32m[INFO]: Producer connected successfully[39m 
11:35:13 PM [32m[INFO]: Message published successfully[39m 
11:35:13 PM [33m[WARN]: Producer disconnected successfully[39m 
11:35:16 PM [32m[INFO]: Producer connected successfully[39m 
11:35:16 PM [32m[INFO]: Message published successfully[39m 
11:35:16 PM [33m[WARN]: Producer disconnected successfully[39m 
11:35:22 PM [32m[INFO]: Producer connected successfully[39m 
11:35:22 PM [32m[INFO]: Message published successfully[39m 
11:35:22 PM [33m[WARN]: Producer disconnected successfully[39m 
11:35:23 PM [32m[INFO]: Producer connected successfully[39m 
11:35:23 PM [32m[INFO]: Message published successfully[39m 
11:35:23 PM [33m[WARN]: Producer disconnected successfully[39m 
11:35:24 PM [32m[INFO]: Producer connected successfully[39m 
11:35:24 PM [32m[INFO]: Message published successfully[39m 
11:35:24 PM [33m[WARN]: Producer disconnected successfully[39m 
11:35:44 PM [32m[INFO]: Producer connected successfully[39m 
11:36:23 PM [32m[INFO]: Producer connected successfully[39m 
11:36:26 PM [32m[INFO]: Producer connected successfully[39m 
11:36:26 PM [32m[INFO]: Message published successfully[39m 
11:36:26 PM [33m[WARN]: Producer disconnected successfully[39m 
11:36:31 PM [32m[INFO]: Producer connected successfully[39m 
11:36:31 PM [32m[INFO]: Message published successfully[39m 
11:36:31 PM [33m[WARN]: Producer disconnected successfully[39m 
11:36:39 PM [32m[INFO]: Producer connected successfully[39m 
11:36:39 PM [32m[INFO]: Message published successfully[39m 
11:36:39 PM [33m[WARN]: Producer disconnected successfully[39m 
11:37:01 PM [32m[INFO]: Producer connected successfully[39m 
11:37:01 PM [32m[INFO]: Message published successfully[39m 
11:37:01 PM [33m[WARN]: Producer disconnected successfully[39m 
11:38:21 PM [32m[INFO]: Producer connected successfully[39m 
11:38:21 PM [32m[INFO]: Message published successfully[39m 
11:38:21 PM [33m[WARN]: Producer disconnected successfully[39m 
11:38:34 PM [32m[INFO]: Producer connected successfully[39m 
11:38:34 PM [32m[INFO]: Message published successfully[39m 
11:38:34 PM [33m[WARN]: Producer disconnected successfully[39m 
11:38:35 PM [32m[INFO]: Producer connected successfully[39m 
11:38:35 PM [32m[INFO]: Message published successfully[39m 
11:38:35 PM [33m[WARN]: Producer disconnected successfully[39m 
11:40:08 PM [32m[INFO]: Producer connected successfully[39m 
11:40:08 PM [32m[INFO]: Message published successfully[39m 
11:40:08 PM [33m[WARN]: Producer disconnected successfully[39m 
11:40:41 PM [32m[INFO]: Producer connected successfully[39m 
11:40:41 PM [32m[INFO]: Message published successfully[39m 
11:40:41 PM [33m[WARN]: Producer disconnected successfully[39m 
11:40:50 PM [32m[INFO]: Producer connected successfully[39m 
11:40:50 PM [32m[INFO]: Message published successfully[39m 
11:40:50 PM [33m[WARN]: Producer disconnected successfully[39m 
11:42:04 PM [32m[INFO]: Producer connected successfully[39m 
11:42:06 PM [32m[INFO]: Producer connected successfully[39m 
11:42:06 PM [32m[INFO]: Message published successfully[39m 
11:42:06 PM [33m[WARN]: Producer disconnected successfully[39m 
11:42:12 PM [32m[INFO]: Producer connected successfully[39m 
11:42:12 PM [32m[INFO]: Message published successfully[39m 
11:42:12 PM [33m[WARN]: Producer disconnected successfully[39m 
12:17:06 AM [32m[INFO]: Admin connected successfully[39m 
12:17:07 AM [32m[INFO]: Topic paritioning created successfully[39m 
12:17:07 AM [33m[WARN]: Admin disconnected successfully[39m 
12:17:07 AM [32m[INFO]: Producer connected successfully[39m 
12:17:07 AM [32m[INFO]: Message published successfully[39m 
12:17:07 AM [33m[WARN]: Producer disconnected successfully[39m 
12:17:59 AM [32m[INFO]: Producer connected successfully[39m 
12:17:59 AM [32m[INFO]: Message published successfully[39m 
12:17:59 AM [33m[WARN]: Producer disconnected successfully[39m 
12:18:26 AM [32m[INFO]: Producer connected successfully[39m 
12:18:26 AM [32m[INFO]: Message published successfully[39m 
12:18:26 AM [33m[WARN]: Producer disconnected successfully[39m 
12:18:48 AM [32m[INFO]: Producer connected successfully[39m 
12:18:48 AM [32m[INFO]: Message published successfully[39m 
12:18:48 AM [33m[WARN]: Producer disconnected successfully[39m 
