12:18:49 AM [32m[INFO]: Producer connected successfully[39m 
12:18:56 AM [32m[INFO]: Producer connected successfully[39m 
12:18:56 AM [32m[INFO]: Message published successfully[39m 
12:18:56 AM [33m[WARN]: Producer disconnected successfully[39m 
12:19:31 AM [32m[INFO]: Producer connected successfully[39m 
12:19:35 AM [32m[INFO]: Producer connected successfully[39m 
12:19:35 AM [32m[INFO]: Message published successfully[39m 
12:19:35 AM [33m[WARN]: Producer disconnected successfully[39m 
12:19:39 AM [32m[INFO]: Producer connected successfully[39m 
12:19:39 AM [32m[INFO]: Message published successfully[39m 
12:19:39 AM [33m[WARN]: Producer disconnected successfully[39m 
12:19:46 AM [32m[INFO]: Producer connected successfully[39m 
12:19:46 AM [32m[INFO]: Message published successfully[39m 
12:19:46 AM [33m[WARN]: Producer disconnected successfully[39m 
12:19:52 AM [32m[INFO]: Producer connected successfully[39m 
12:19:52 AM [32m[INFO]: Message published successfully[39m 
12:19:52 AM [33m[WARN]: Producer disconnected successfully[39m 
12:19:54 AM [32m[INFO]: Producer connected successfully[39m 
12:19:54 AM [32m[INFO]: Message published successfully[39m 
12:19:54 AM [33m[WARN]: Producer disconnected successfully[39m 
12:20:31 AM [32m[INFO]: Producer connected successfully[39m 
12:21:13 AM [32m[INFO]: Producer connected successfully[39m 
12:21:16 AM [32m[INFO]: Producer connected successfully[39m 
12:21:16 AM [32m[INFO]: Message published successfully[39m 
12:21:16 AM [33m[WARN]: Producer disconnected successfully[39m 
12:21:28 AM [32m[INFO]: Producer connected successfully[39m 
12:21:28 AM [32m[INFO]: Message published successfully[39m 
12:21:28 AM [33m[WARN]: Producer disconnected successfully[39m 
12:21:32 AM [32m[INFO]: Producer connected successfully[39m 
12:21:32 AM [32m[INFO]: Message published successfully[39m 
12:21:32 AM [33m[WARN]: Producer disconnected successfully[39m 
12:22:03 AM [32m[INFO]: Producer connected successfully[39m 
12:22:03 AM [32m[INFO]: Message published successfully[39m 
12:22:03 AM [33m[WARN]: Producer disconnected successfully[39m 
12:22:07 AM [32m[INFO]: Producer connected successfully[39m 
12:22:07 AM [32m[INFO]: Message published successfully[39m 
12:22:07 AM [33m[WARN]: Producer disconnected successfully[39m 
12:22:08 AM [32m[INFO]: Producer connected successfully[39m 
12:22:08 AM [32m[INFO]: Message published successfully[39m 
12:22:08 AM [33m[WARN]: Producer disconnected successfully[39m 
12:22:09 AM [32m[INFO]: Producer connected successfully[39m 
12:22:09 AM [32m[INFO]: Message published successfully[39m 
12:22:09 AM [33m[WARN]: Producer disconnected successfully[39m 
12:22:09 AM [32m[INFO]: Producer connected successfully[39m 
12:22:09 AM [32m[INFO]: Message published successfully[39m 
12:22:09 AM [33m[WARN]: Producer disconnected successfully[39m 
12:22:13 AM [32m[INFO]: Producer connected successfully[39m 
12:22:13 AM [32m[INFO]: Message published successfully[39m 
12:22:13 AM [33m[WARN]: Producer disconnected successfully[39m 
12:22:13 AM [32m[INFO]: Producer connected successfully[39m 
12:22:13 AM [32m[INFO]: Message published successfully[39m 
12:22:13 AM [33m[WARN]: Producer disconnected successfully[39m 
12:22:18 AM [32m[INFO]: Producer connected successfully[39m 
12:22:18 AM [32m[INFO]: Message published successfully[39m 
12:22:18 AM [33m[WARN]: Producer disconnected successfully[39m 
12:22:22 AM [32m[INFO]: Producer connected successfully[39m 
12:22:22 AM [32m[INFO]: Message published successfully[39m 
12:22:22 AM [33m[WARN]: Producer disconnected successfully[39m 
12:22:23 AM [32m[INFO]: Producer connected successfully[39m 
12:22:23 AM [32m[INFO]: Message published successfully[39m 
12:22:23 AM [33m[WARN]: Producer disconnected successfully[39m 
12:23:24 AM [32m[INFO]: Producer connected successfully[39m 
12:23:26 AM [32m[INFO]: Producer connected successfully[39m 
12:23:26 AM [32m[INFO]: Message published successfully[39m 
12:23:31 AM [32m[INFO]: Producer connected successfully[39m 
12:23:31 AM [32m[INFO]: Message published successfully[39m 
12:26:16 AM [32m[INFO]: Producer connected successfully[39m 
12:26:29 AM [32m[INFO]: Producer connected successfully[39m 
12:26:43 AM [32m[INFO]: Producer connected successfully[39m 
12:27:43 AM [32m[INFO]: Producer connected successfully[39m 
12:27:57 AM [32m[INFO]: Producer connected successfully[39m 
12:28:03 AM [32m[INFO]: Producer connected successfully[39m 
12:28:03 AM [32m[INFO]: Message published successfully[39m 
12:28:05 AM [32m[INFO]: Producer connected successfully[39m 
12:28:05 AM [32m[INFO]: Message published successfully[39m 
12:28:11 AM [32m[INFO]: Producer connected successfully[39m 
12:28:12 AM [32m[INFO]: Message published successfully[39m 
12:28:13 AM [32m[INFO]: Message published successfully[39m 
12:28:50 AM [32m[INFO]: Producer connected successfully[39m 
12:28:52 AM [32m[INFO]: Message published successfully, p[39m 
12:29:11 AM [32m[INFO]: Producer connected successfully[39m 
12:29:11 AM [32m[INFO]: Message published successfully, p[39m 
12:31:28 AM [32m[INFO]: Producer connected successfully[39m 
12:31:54 AM [32m[INFO]: Producer connected successfully[39m 
12:32:01 AM [32m[INFO]: Producer connected successfully[39m 
12:32:04 AM [32m[INFO]: [object Object][39m 
12:32:04 AM [32m[INFO]: Message published successfully, p[39m 
12:32:11 AM [32m[INFO]: Producer connected successfully[39m 
12:32:11 AM [32m[INFO]: [object Object][39m 
12:32:11 AM [32m[INFO]: Message published successfully, p[39m 
12:32:13 AM [32m[INFO]: [object Object][39m 
12:32:13 AM [32m[INFO]: Message published successfully, p[39m 
12:32:24 AM [32m[INFO]: Producer connected successfully[39m 
12:32:24 AM [32m[INFO]: {"topics":[{"name":"paritioning","partitions":[{"partitionErrorCode":0,"partitionId":0,"leader":1,"replicas":[1],"isr":[1],"offlineReplicas":[]},{"partitionErrorCode":0,"partitionId":1,"leader":2,"replicas":[2],"isr":[2],"offlineReplicas":[]}]}]}[39m 
12:32:24 AM [32m[INFO]: Message published successfully, p[39m 
12:33:26 AM [32m[INFO]: Producer connected successfully[39m 
12:33:42 AM [32m[INFO]: Producer connected successfully[39m 
12:33:44 AM [32m[INFO]: Producer connected successfully[39m 
12:33:46 AM [32m[INFO]: Message published successfully, p[39m 
12:33:57 AM [31m[ERROR]: Producer not connected[39m 
12:33:57 AM [32m[INFO]: Producer connected successfully[39m 
12:33:59 AM [32m[INFO]: Message published successfully, p[39m 
12:34:07 AM [32m[INFO]: Producer connected successfully[39m 
12:34:07 AM [31m[ERROR]: Invalid partition[39m 
12:34:09 AM [31m[ERROR]: Invalid partition[39m 
12:34:16 AM [32m[INFO]: Message published successfully, [object Object]p[39m 
12:34:29 AM [32m[INFO]: Producer connected successfully[39m 
12:34:30 AM [32m[INFO]: Message published successfully, [{"topicName":"paritioning","partition":1,"errorCode":0,"baseOffset":"10","logAppendTime":"-1","logStartOffset":"0"}]p[39m 
12:35:33 AM [32m[INFO]: Producer connected successfully[39m 
12:35:36 AM [32m[INFO]: Message published successfully to topic paritioning and partition 1[39m 
12:36:06 AM [32m[INFO]: Message published successfully to topic paritioning and partition 1[39m 
12:36:07 AM [32m[INFO]: Producer connected successfully[39m 
12:36:08 AM [32m[INFO]: Message published successfully to topic "paritioning" and partition "1"[39m 
12:36:14 AM [32m[INFO]: Message published successfully to topic "paritioning" and partition "0"[39m 
12:36:19 AM [31m[ERROR]: Error in publishing message Cannot read properties of undefined (reading 'topicName')[39m 
12:36:35 AM [32m[INFO]: Producer connected successfully[39m 
12:36:38 AM [32m[INFO]: Producer connected successfully[39m 
12:36:43 AM [32m[INFO]: Producer connected successfully[39m 
12:37:11 AM [32m[INFO]: Producer connected successfully[39m 
12:37:12 AM [31m[ERROR]: Invalid partition[39m 
12:37:17 AM [32m[INFO]: Message published successfully to topic "paritioning" and partition "0"[39m 
12:37:25 AM [32m[INFO]: Message published successfully to topic "paritioning" and partition "0"[39m 
12:37:30 AM [32m[INFO]: Message published successfully to topic "paritioning" and partition "0"[39m 
12:38:06 AM [32m[INFO]: Producer connected successfully[39m 
12:38:32 AM [32m[INFO]: Producer connected successfully[39m 
12:38:36 AM [32m[INFO]: Producer connected successfully[39m 
12:38:53 AM [32m[INFO]: Producer connected successfully[39m 
12:39:01 AM [32m[INFO]: Producer connected successfully[39m 
12:39:16 AM [32m[INFO]: main-producer disconnected[39m 
12:39:16 AM [32m[INFO]: Producer connected successfully[39m 
12:39:21 AM [32m[INFO]: main-producer disconnected[39m 
12:39:21 AM [32m[INFO]: Producer connected successfully[39m 
12:39:25 AM [32m[INFO]: main-producer disconnected[39m 
12:40:02 AM [32m[INFO]: main-producer disconnected[39m 
12:40:37 AM [32m[INFO]: Message published successfully to topic "paritioning" and partition "0"[39m 
12:40:40 AM [32m[INFO]: Message published successfully to topic "paritioning" and partition "1"[39m 
12:40:41 AM [32m[INFO]: Message published successfully to topic "paritioning" and partition "0"[39m 
12:40:42 AM [32m[INFO]: Message published successfully to topic "paritioning" and partition "1"[39m 
12:40:42 AM [32m[INFO]: Message published successfully to topic "paritioning" and partition "0"[39m 
12:47:36 AM [32m[INFO]: main-producer disconnected[39m 
1:25:20 AM [32m[INFO]: main-producer disconnected[39m 
1:25:41 AM [32m[INFO]: Message published successfully to topic "paritioning" and partition "0"[39m 
1:26:07 AM [32m[INFO]: Message published successfully to topic "paritioning" and partition "1"[39m 
1:26:08 AM [32m[INFO]: Message published successfully to topic "paritioning" and partition "0"[39m 
